<?xml version="1.0" encoding="UTF-8"?>
<!-- Generated by org.testng.reporters.JUnitXMLReporter -->
<testsuite hostname="DESKTOP-URKGA8H" ignored="0" name="AdminPart" tests="27" failures="1" timestamp="09 Jul 2018 11:18:44 GMT" time="939.71" errors="0">
  <testcase name="Tc_ItemCat_01_02_03" time="53.263" classname="testCases.AdminPart"/>
  <testcase name="Tc_ItemCat_04" time="99.982" classname="testCases.AdminPart"/>
  <testcase name="Tc_PrintBarcode_01_02" time="25.805" classname="testCases.AdminPart"/>
  <testcase name="Tc_PrintBarcode_03" time="35.562" classname="testCases.AdminPart"/>
  <testcase name="Tc_PrintBarcode_04" time="12.022" classname="testCases.AdminPart"/>
  <testcase name="Tc_PrintBarcode_06" time="12.826" classname="testCases.AdminPart"/>
  <testcase name="Tc_PrintBarcode_07" time="19.268" classname="testCases.AdminPart"/>
  <testcase name="Tc_PrintBarcode_08" time="45.61" classname="testCases.AdminPart"/>
  <testcase name="Tc_PrintBarcode_10" time="22.037" classname="testCases.AdminPart"/>
  <testcase name="Tc_SI_01_02" time="11.53" classname="testCases.AdminPart"/>
  <testcase name="Tc_SI_03" time="9.523" classname="testCases.AdminPart"/>
  <testcase name="Tc_SI_04" time="36.52" classname="testCases.AdminPart"/>
  <testcase name="Tc_PTerms_01_02" time="77.173" classname="testCases.AdminPart">
    <failure type="org.openqa.selenium.StaleElementReferenceException" message="stale element reference: element is not attached to the page document
  (Session info: chrome=66.0.3359.181)
  (Driver info: chromedriver=2.37.544315 (730aa6a5fdba159ac9f4c1e8cbc59bf1b5ce12b7),platform=Windows NT 10.0.17134 x86_64) (WARNING: The server did not provide any stacktrace information)
Command duration or timeout: 0 milliseconds
For documentation on this error, please visit: http://seleniumhq.org/exceptions/stale_element_reference.html
Build info: version: &amp;apos;3.11.0&amp;apos;, revision: &amp;apos;e59cfb3&amp;apos;, time: &amp;apos;2018-03-11T20:33:15.31Z&amp;apos;
System info: host: &amp;apos;DESKTOP-URKGA8H&amp;apos;, ip: &amp;apos;192.168.2.110&amp;apos;, os.name: &amp;apos;Windows 10&amp;apos;, os.arch: &amp;apos;amd64&amp;apos;, os.version: &amp;apos;10.0&amp;apos;, java.version: &amp;apos;1.8.0_161&amp;apos;
Driver info: org.openqa.selenium.remote.RemoteWebDriver
Capabilities {acceptInsecureCerts: false, acceptSslCerts: false, applicationCacheEnabled: false, browserConnectionEnabled: false, browserName: chrome, chrome: {chromedriverVersion: 2.37.544315 (730aa6a5fdba15..., userDataDir: C:\Users\Acer\AppData\Local...}, cssSelectorsEnabled: true, databaseEnabled: false, handlesAlerts: true, hasTouchScreen: false, javascriptEnabled: true, locationContextEnabled: true, mobileEmulationEnabled: false, nativeEvents: true, networkConnectionEnabled: false, pageLoadStrategy: normal, platform: XP, platformName: XP, rotatable: false, setWindowRect: true, takesHeapSnapshot: true, takesScreenshot: true, unexpectedAlertBehaviour: , unhandledPromptBehavior: , version: 66.0.3359.181, webStorageEnabled: true, webdriver.remote.sessionid: dbd939710062c9a2c22bae91df2...}
Session ID: dbd939710062c9a2c22bae91df21836b">
      <![CDATA[org.openqa.selenium.StaleElementReferenceException: stale element reference: element is not attached to the page document
  (Session info: chrome=66.0.3359.181)
  (Driver info: chromedriver=2.37.544315 (730aa6a5fdba159ac9f4c1e8cbc59bf1b5ce12b7),platform=Windows NT 10.0.17134 x86_64) (WARNING: The server did not provide any stacktrace information)
Command duration or timeout: 0 milliseconds
For documentation on this error, please visit: http://seleniumhq.org/exceptions/stale_element_reference.html
Build info: version: '3.11.0', revision: 'e59cfb3', time: '2018-03-11T20:33:15.31Z'
System info: host: 'DESKTOP-URKGA8H', ip: '192.168.2.110', os.name: 'Windows 10', os.arch: 'amd64', os.version: '10.0', java.version: '1.8.0_161'
Driver info: org.openqa.selenium.remote.RemoteWebDriver
Capabilities {acceptInsecureCerts: false, acceptSslCerts: false, applicationCacheEnabled: false, browserConnectionEnabled: false, browserName: chrome, chrome: {chromedriverVersion: 2.37.544315 (730aa6a5fdba15..., userDataDir: C:\Users\Acer\AppData\Local...}, cssSelectorsEnabled: true, databaseEnabled: false, handlesAlerts: true, hasTouchScreen: false, javascriptEnabled: true, locationContextEnabled: true, mobileEmulationEnabled: false, nativeEvents: true, networkConnectionEnabled: false, pageLoadStrategy: normal, platform: XP, platformName: XP, rotatable: false, setWindowRect: true, takesHeapSnapshot: true, takesScreenshot: true, unexpectedAlertBehaviour: , unhandledPromptBehavior: , version: 66.0.3359.181, webStorageEnabled: true, webdriver.remote.sessionid: dbd939710062c9a2c22bae91df2...}
Session ID: dbd939710062c9a2c22bae91df21836b
	at org.openqa.selenium.remote.ErrorHandler.createThrowable(ErrorHandler.java:214)
	at org.openqa.selenium.remote.ErrorHandler.throwIfResponseFailed(ErrorHandler.java:166)
	at org.openqa.selenium.remote.http.JsonHttpResponseCodec.reconstructValue(JsonHttpResponseCodec.java:40)
	at org.openqa.selenium.remote.http.AbstractHttpResponseCodec.decode(AbstractHttpResponseCodec.java:80)
	at org.openqa.selenium.remote.http.AbstractHttpResponseCodec.decode(AbstractHttpResponseCodec.java:44)
	at org.openqa.selenium.remote.HttpCommandExecutor.execute(HttpCommandExecutor.java:158)
	at org.openqa.selenium.remote.RemoteWebDriver.execute(RemoteWebDriver.java:545)
	at org.openqa.selenium.remote.RemoteWebElement.execute(RemoteWebElement.java:279)
	at org.openqa.selenium.remote.RemoteWebElement.getText(RemoteWebElement.java:160)
	at testCases.AdminPart.Tc_PTerms_01_02(AdminPart.java:458)
... Removed 29 stack frames]]>
    </failure>
  </testcase> <!-- Tc_PTerms_01_02 -->
  <testcase name="Tc_PTerms_03_04" time="67.158" classname="testCases.AdminPart"/>
  <testcase name="Tc_News_01_02" time="23.529" classname="testCases.AdminPart"/>
  <testcase name="Tc_News_03_04" time="28.331" classname="testCases.AdminPart"/>
  <testcase name="Tc_News_05" time="23.194" classname="testCases.AdminPart"/>
  <testcase name="Tc_Vendor_01" time="38.172" classname="testCases.AdminPart"/>
  <testcase name="Tc_Vendor_02_03" time="20.401" classname="testCases.AdminPart"/>
  <testcase name="Tc_PriceTier_01_02" time="113.715" classname="testCases.AdminPart"/>
  <testcase name="Tc_PriceTier_03_05" time="15.355" classname="testCases.AdminPart"/>
  <testcase name="Tc_PriceTier_04" time="12.908" classname="testCases.AdminPart"/>
  <testcase name="Tc_ItemCatalog_01_02" time="15.495" classname="testCases.AdminPart"/>
  <testcase name="Tc_ItemCatalog_03" time="35.238" classname="testCases.AdminPart"/>
  <testcase name="Tc_ItemCatalog_04" time="11.891" classname="testCases.AdminPart"/>
  <testcase name="Tc_InventoryLoc_01_02" time="19.705" classname="testCases.AdminPart"/>
  <testcase name="Tc_InventoryLoc_04_05" time="47.938" classname="testCases.AdminPart"/>
</testsuite> <!-- AdminPart -->
