<?xml version="1.0" encoding="UTF-8"?>
<!-- Generated by org.testng.reporters.JUnitXMLReporter -->
<testsuite hostname="DESKTOP-URKGA8H" ignored="0" name="Alert" tests="5" failures="0" timestamp="05 Jul 2018 05:29:14 GMT" time="465.74" errors="0">
  <testcase name="Tc_Template_001" time="189.537" classname="testcases_functionality.TC_Template"/>
  <testcase name="Tc_Template_002" time="67.06" classname="testcases_functionality.TC_Template"/>
  <testcase name="Tc_Template_003" time="48.909" classname="testcases_functionality.TC_Template"/>
  <testcase name="Tc_Template_004" time="17.846" classname="testcases_functionality.TC_Template"/>
  <testcase name="Tc_Template_005" time="137.503" classname="testcases_functionality.TC_Template"/>
</testsuite> <!-- Alert -->
