<?xml version="1.0" encoding="UTF-8"?>
<!-- Generated by org.testng.reporters.JUnitXMLReporter -->
<testsuite hostname="DESKTOP-URKGA8H" ignored="1" name="Dashboard" tests="1" failures="0" timestamp="11 Jul 2018 13:21:06 GMT" time="98.248" errors="0">
  <testcase name="TC_OperationRoom_002" time="87.917" classname="testcases_functionality.TC_OperationRoom"/>
  <testcase name="TC_OperationRoom_001" time="0.0" classname="testcases_functionality.TC_OperationRoom">
    <ignored/>
  </testcase> <!-- TC_OperationRoom_001 -->
</testsuite> <!-- Dashboard -->
