<?xml version="1.0" encoding="UTF-8"?>
<!-- Generated by org.testng.reporters.JUnitXMLReporter -->
<testsuite hostname="DESKTOP-URKGA8H" ignored="0" name="Facility" tests="21" failures="1" timestamp="10 Jul 2018 05:43:10 GMT" time="455.129" errors="0">
  <testcase name="Tc_Fac_01" time="46.977" classname="testCases.Facility"/>
  <testcase name="Tc_Fac_02" time="13.291" classname="testCases.Facility"/>
  <testcase name="Tc_Fac_03" time="18.255" classname="testCases.Facility"/>
  <testcase name="Tc_Fac_04" time="13.402" classname="testCases.Facility"/>
  <testcase name="Tc_Fac_05_Dep_02" time="16.837" classname="testCases.Facility"/>
  <testcase name="Tc_Dep_03_04" time="40.776" classname="testCases.Facility"/>
  <testcase name="Tc_Dep_07" time="19.276" classname="testCases.Facility"/>
  <testcase name="Tc_Dep_06" time="30.959" classname="testCases.Facility"/>
  <testcase name="Tc_Phy_01_02_03" time="30.732" classname="testCases.Facility"/>
  <testcase name="Tc_Phy_01" time="10.267" classname="testCases.Facility"/>
  <testcase name="Tc_Phy_04" time="22.531" classname="testCases.Facility"/>
  <testcase name="Tc_Phy_05" time="31.354" classname="testCases.Facility"/>
  <testcase name="Tc_ManageApprovalFlow_01" time="14.288" classname="testCases.Facility"/>
  <testcase name="Tc_Manufacturers_01" time="7.695" classname="testCases.Facility"/>
  <testcase name="Tc_Manufacturers_02" time="8.412" classname="testCases.Facility"/>
  <testcase name="Tc_GL_Code_01_02" time="20.798" classname="testCases.Facility"/>
  <testcase name="Tc_GL_Code_04_05" time="37.544" classname="testCases.Facility"/>
  <testcase name="Tc_Patterns_01_03" time="22.954" classname="testCases.Facility"/>
  <testcase name="Tc_Patterns_06" time="6.12" classname="testCases.Facility">
    <failure type="java.lang.NumberFormatException" message="For input string: &amp;quot;1531201337398&amp;quot;">
      <![CDATA[java.lang.NumberFormatException: For input string: "1531201337398"
	at java.lang.NumberFormatException.forInputString(Unknown Source)
	at java.lang.Integer.parseInt(Unknown Source)
	at java.lang.Integer.parseInt(Unknown Source)
	at testCases.Facility.Tc_Patterns_06(Facility.java:767)
... Removed 25 stack frames]]>
    </failure>
  </testcase> <!-- Tc_Patterns_06 -->
  <testcase name="Tc_Patterns_05" time="10.423" classname="testCases.Facility"/>
  <testcase name="Tc_Patterns_02" time="27.412" classname="testCases.Facility"/>
</testsuite> <!-- Facility -->
