<?xml version="1.0" encoding="UTF-8"?>
<!-- Generated by org.testng.reporters.JUnitXMLReporter -->
<testsuite hostname="DESKTOP-URKGA8H" ignored="0" name="Facility" tests="21" failures="1" timestamp="02 May 2018 07:33:36 GMT" time="1194.926" errors="0">
  <testcase name="Tc_Fac_01" time="88.964" classname="testCases.Facility"/>
  <testcase name="Tc_Fac_02" time="35.098" classname="testCases.Facility"/>
  <testcase name="Tc_Fac_03" time="32.033" classname="testCases.Facility"/>
  <testcase name="Tc_Fac_04" time="35.781" classname="testCases.Facility"/>
  <testcase name="Tc_Fac_05_Dep_02" time="60.551" classname="testCases.Facility"/>
  <testcase name="Tc_Dep_03_04" time="68.36" classname="testCases.Facility"/>
  <testcase name="Tc_Dep_07" time="68.082" classname="testCases.Facility"/>
  <testcase name="Tc_Dep_06" time="62.412" classname="testCases.Facility"/>
  <testcase name="Tc_Phy_01_02_03" time="104.796" classname="testCases.Facility"/>
  <testcase name="Tc_Phy_01" time="42.668" classname="testCases.Facility"/>
  <testcase name="Tc_Phy_04" time="80.675" classname="testCases.Facility"/>
  <testcase name="Tc_Phy_05" time="76.926" classname="testCases.Facility"/>
  <testcase name="Tc_ManageApprovalFlow_01" time="21.065" classname="testCases.Facility"/>
  <testcase name="Tc_Manufacturers_01" time="20.601" classname="testCases.Facility"/>
  <testcase name="Tc_Manufacturers_02" time="29.744" classname="testCases.Facility"/>
  <testcase name="Tc_GL_Code_01_02" time="74.965" classname="testCases.Facility"/>
  <testcase name="Tc_GL_Code_04_05" time="93.066" classname="testCases.Facility"/>
  <testcase name="Tc_Patterns_01_03" time="52.643" classname="testCases.Facility"/>
  <testcase name="Tc_Patterns_06" time="17.457" classname="testCases.Facility">
    <failure type="java.lang.NumberFormatException" message="For input string: &amp;quot;1525246259665&amp;quot;">
      <![CDATA[java.lang.NumberFormatException: For input string: "1525246259665"
	at java.lang.NumberFormatException.forInputString(Unknown Source)
	at java.lang.Integer.parseInt(Unknown Source)
	at java.lang.Integer.parseInt(Unknown Source)
	at testCases.Facility.Tc_Patterns_06(Facility.java:763)
... Removed 25 stack frames]]>
    </failure>
  </testcase> <!-- Tc_Patterns_06 -->
  <testcase name="Tc_Patterns_05" time="64.561" classname="testCases.Facility"/>
  <testcase name="Tc_Patterns_02" time="60.118" classname="testCases.Facility"/>
</testsuite> <!-- Facility -->
