<?xml version="1.0" encoding="UTF-8"?>
<!-- Generated by org.testng.reporters.JUnitXMLReporter -->
<testsuite hostname="DESKTOP-URKGA8H" ignored="4" name="InvoicePage" tests="1" failures="0" timestamp="10 Jul 2018 07:34:39 GMT" time="197.049" errors="0">
  <testcase name="Tc_INV_01" time="191.854" classname="testCases.InvoicePage"/>
  <testcase name="Tc_INV_09_10" time="0.0" classname="testCases.InvoicePage">
    <ignored/>
  </testcase> <!-- Tc_INV_09_10 -->
  <testcase name="Tc_INV_04" time="0.0" classname="testCases.InvoicePage">
    <ignored/>
  </testcase> <!-- Tc_INV_04 -->
  <testcase name="Tc_INV_03" time="0.0" classname="testCases.InvoicePage">
    <ignored/>
  </testcase> <!-- Tc_INV_03 -->
  <testcase name="Tc_INV_02" time="0.0" classname="testCases.InvoicePage">
    <ignored/>
  </testcase> <!-- Tc_INV_02 -->
</testsuite> <!-- InvoicePage -->
