<?xml version="1.0" encoding="UTF-8"?>
<!-- Generated by org.testng.reporters.JUnitXMLReporter -->
<testsuite hostname="DESKTOP-URKGA8H" ignored="0" name="InvoicePage" tests="5" failures="5" timestamp="03 May 2018 05:10:52 GMT" time="217.222" errors="0">
  <testcase name="Tc_INV_01" time="1.072" classname="testCases.InvoicePage">
    <failure type="java.lang.NullPointerException">
      <![CDATA[java.lang.NullPointerException
	at AutomationFramework.Generickeywords.isElementDisplayed(Generickeywords.java:2168)
	at pageObject.Loginpage.login(Loginpage.java:14)
	at pageObject.Loginpage.OpenBrowserAndLogin(Loginpage.java:42)
	at testCases.InvoicePage.Tc_INV_01(InvoicePage.java:53)
... Removed 25 stack frames]]>
    </failure>
  </testcase> <!-- Tc_INV_01 -->
  <testcase name="Tc_INV_09_10" time="1.004" classname="testCases.InvoicePage">
    <failure type="java.lang.NullPointerException">
      <![CDATA[java.lang.NullPointerException
	at AutomationFramework.Generickeywords.waitForElementToDisplay(Generickeywords.java:2007)
	at AutomationFramework.Generickeywords.clickOn(Generickeywords.java:1051)
	at pageObject.Invoicespage.typeAndSearchInvoice(Invoicespage.java:32)
	at testCases.InvoicePage.Tc_INV_09_10(InvoicePage.java:211)
... Removed 25 stack frames]]>
    </failure>
  </testcase> <!-- Tc_INV_09_10 -->
  <testcase name="Tc_INV_02" time="145.249" classname="testCases.InvoicePage">
    <failure type="java.lang.NullPointerException">
      <![CDATA[java.lang.NullPointerException
	at AutomationFramework.Generickeywords.waitForElementToDisplay(Generickeywords.java:2007)
	at AutomationFramework.Generickeywords.clickOn(Generickeywords.java:1051)
	at testCases.InvoicePage.Tc_INV_02(InvoicePage.java:236)
... Removed 25 stack frames]]>
    </failure>
  </testcase> <!-- Tc_INV_02 -->
  <testcase name="Tc_INV_03" time="1.003" classname="testCases.InvoicePage">
    <failure type="java.lang.NullPointerException">
      <![CDATA[java.lang.NullPointerException
	at AutomationFramework.Generickeywords.waitForElementToDisplay(Generickeywords.java:2007)
	at AutomationFramework.Generickeywords.clickOn(Generickeywords.java:1051)
	at pageObject.Invoicespage.org_SettingPage(Invoicespage.java:10)
	at pageObject.Invoicespage.IntactAndQucikBook_Toggle(Invoicespage.java:18)
	at testCases.InvoicePage.Tc_INV_03(InvoicePage.java:307)
... Removed 25 stack frames]]>
    </failure>
  </testcase> <!-- Tc_INV_03 -->
  <testcase name="Tc_INV_04" time="1.003" classname="testCases.InvoicePage">
    <failure type="java.lang.NullPointerException">
      <![CDATA[java.lang.NullPointerException
	at AutomationFramework.Generickeywords.waitForElementToDisplay(Generickeywords.java:2007)
	at AutomationFramework.Generickeywords.clickOn(Generickeywords.java:1051)
	at pageObject.Invoicespage.typeAndSearchInvoice(Invoicespage.java:32)
	at testCases.InvoicePage.Tc_INV_04(InvoicePage.java:337)
... Removed 25 stack frames]]>
    </failure>
  </testcase> <!-- Tc_INV_04 -->
</testsuite> <!-- InvoicePage -->
