<?xml version="1.0" encoding="UTF-8"?>
<!-- Generated by org.testng.reporters.JUnitXMLReporter -->
<testsuite hostname="DESKTOP-URKGA8H" ignored="0" name="Patients" tests="7" failures="0" timestamp="10 Jul 2018 12:04:44 GMT" time="212.152" errors="0">
  <testcase name="Tc_Patients_01_02" time="41.915" classname="testCases.Patients"/>
  <testcase name="Tc_Patients_03" time="10.381" classname="testCases.Patients"/>
  <testcase name="Tc_Patients_05" time="10.699" classname="testCases.Patients"/>
  <testcase name="Tc_Patients_07" time="24.602" classname="testCases.Patients"/>
  <testcase name="Tc_Patients_08_09" time="33.926" classname="testCases.Patients"/>
  <testcase name="Tc_Patients_10" time="65.024" classname="testCases.Patients"/>
  <testcase name="Tc_Patients_11" time="14.351" classname="testCases.Patients"/>
</testsuite> <!-- Patients -->
