<?xml version="1.0" encoding="UTF-8"?>
<!-- Generated by org.testng.reporters.JUnitXMLReporter -->
<testsuite hostname="DESKTOP-URKGA8H" ignored="0" name="Planner" tests="3" failures="1" timestamp="13 Jul 2018 11:02:30 GMT" time="626.381" errors="0">
  <testcase name="Tc_Planner_01" time="551.011" classname="testcases_functionality.TC_Planner">
    <failure type="java.lang.NullPointerException">
      <![CDATA[java.lang.NullPointerException
	at funcation_PageObject.Planner.VerifyPreferendCard(Planner.java:438)
	at testcases_functionality.TC_Planner.Tc_Planner_01(TC_Planner.java:62)
... Removed 25 stack frames]]>
    </failure>
  </testcase> <!-- Tc_Planner_01 -->
  <testcase name="Tc_Planner_02" time="50.209" classname="testcases_functionality.TC_Planner"/>
  <testcase name="Tc_Planner_03" time="20.084" classname="testcases_functionality.TC_Planner"/>
</testsuite> <!-- Planner -->
