<?xml version="1.0" encoding="UTF-8"?>
<!-- Generated by org.testng.reporters.JUnitXMLReporter -->
<testsuite hostname="DESKTOP-URKGA8H" ignored="1" name="Planner" tests="1" failures="0" timestamp="05 Jul 2018 09:52:10 GMT" time="129.946" errors="0">
  <testcase name="Tc_Planner_01" time="120.353" classname="testcases_functionality.TC_Planner"/>
  <testcase name="Tc_Planner_02" time="0.0" classname="testcases_functionality.TC_Planner">
    <ignored/>
  </testcase> <!-- Tc_Planner_02 -->
</testsuite> <!-- Planner -->
