<?xml version="1.0" encoding="UTF-8"?>
<!-- Generated by org.testng.reporters.JUnitXMLReporter -->
<testsuite hostname="DESKTOP-URKGA8H" ignored="0" name="PreferenceCards" tests="3" failures="0" timestamp="11 Jul 2018 12:13:39 GMT" time="278.278" errors="0">
  <testcase name="Tc_PreferenceCards_001" time="194.894" classname="testcases_functionality.TC_PreferenceCards"/>
  <testcase name="Tc_PreferenceCards_002" time="31.687" classname="testcases_functionality.TC_PreferenceCards"/>
  <testcase name="Tc_PreferenceCards_003" time="45.95" classname="testcases_functionality.TC_PreferenceCards"/>
</testsuite> <!-- PreferenceCards -->
