<?xml version="1.0" encoding="UTF-8"?>
<!-- Generated by org.testng.reporters.JUnitXMLReporter -->
<testsuite hostname="DESKTOP-URKGA8H" ignored="0" name="PrefCard" tests="11" failures="0" timestamp="09 Jul 2018 05:12:07 GMT" time="265.299" errors="0">
  <testcase name="Tc_prefCard_01" time="40.301" classname="testCases.PrefCard"/>
  <testcase name="Tc_prefCard_02" time="16.269" classname="testCases.PrefCard"/>
  <testcase name="Tc_prefCard_03_04" time="23.249" classname="testCases.PrefCard"/>
  <testcase name="Tc_prefCard_06" time="16.681" classname="testCases.PrefCard"/>
  <testcase name="Tc_prefCard_07" time="31.383" classname="testCases.PrefCard"/>
  <testcase name="Tc_prefCard_08" time="18.279" classname="testCases.PrefCard"/>
  <testcase name="Tc_prefCard_09" time="19.163" classname="testCases.PrefCard"/>
  <testcase name="Tc_prefCard_010" time="30.152" classname="testCases.PrefCard"/>
  <testcase name="Tc_prefCard_12" time="21.541" classname="testCases.PrefCard"/>
  <testcase name="Tc_prefCard_14" time="35.054" classname="testCases.PrefCard"/>
  <testcase name="Tc_prefCard_15" time="8.244" classname="testCases.PrefCard"/>
</testsuite> <!-- PrefCard -->
