<?xml version="1.0" encoding="UTF-8"?>
<!-- Generated by org.testng.reporters.JUnitXMLReporter -->
<testsuite hostname="DESKTOP-URKGA8H" ignored="0" name="ReceiveDetails" tests="18" failures="0" timestamp="10 Jul 2018 10:42:33 GMT" time="545.373" errors="0">
  <testcase name="Tc_RECDET_01" time="76.368" classname="testCases.ReceiveDetails"/>
  <testcase name="Tc_RECDET_03_04" time="34.565" classname="testCases.ReceiveDetails"/>
  <testcase name="Tc_RECDET_05" time="91.437" classname="testCases.ReceiveDetails"/>
  <testcase name="Tc_RECDET_06" time="40.068" classname="testCases.ReceiveDetails"/>
  <testcase name="Tc_RECDET_07" time="19.381" classname="testCases.ReceiveDetails"/>
  <testcase name="Tc_RECDET_08" time="20.634" classname="testCases.ReceiveDetails"/>
  <testcase name="Tc_RECDET_09" time="19.605" classname="testCases.ReceiveDetails"/>
  <testcase name="Tc_RECDET_10" time="14.565" classname="testCases.ReceiveDetails"/>
  <testcase name="Tc_RECDET_11" time="14.346" classname="testCases.ReceiveDetails"/>
  <testcase name="Tc_RECDET_12" time="14.961" classname="testCases.ReceiveDetails"/>
  <testcase name="Tc_RECDET_13" time="21.053" classname="testCases.ReceiveDetails"/>
  <testcase name="Tc_RECDET_14" time="42.506" classname="testCases.ReceiveDetails"/>
  <testcase name="Tc_RECDET_15_16" time="29.364" classname="testCases.ReceiveDetails"/>
  <testcase name="Tc_RECDET_17" time="25.15" classname="testCases.ReceiveDetails"/>
  <testcase name="Tc_RECDET_19" time="24.465" classname="testCases.ReceiveDetails"/>
  <testcase name="Tc_RECDET_20" time="16.202" classname="testCases.ReceiveDetails"/>
  <testcase name="Tc_RECDET_21" time="16.54" classname="testCases.ReceiveDetails"/>
  <testcase name="Tc_RECDET_22_23" time="18.819" classname="testCases.ReceiveDetails"/>
</testsuite> <!-- ReceiveDetails -->
