<?xml version="1.0" encoding="UTF-8"?>
<!-- Generated by org.testng.reporters.JUnitXMLReporter -->
<testsuite hostname="DESKTOP-URKGA8H" ignored="0" name="Receive" tests="12" failures="0" timestamp="09 Jul 2018 12:10:19 GMT" time="393.606" errors="0">
  <testcase name="Tc_Receive_01" time="51.007" classname="testCases.Receive"/>
  <testcase name="Tc_Receive_03" time="13.743" classname="testCases.Receive"/>
  <testcase name="Tc_Receive_05_06" time="19.047" classname="testCases.Receive"/>
  <testcase name="Tc_Receive_07_19" time="23.586" classname="testCases.Receive"/>
  <testcase name="Tc_Receive_09" time="18.485" classname="testCases.Receive"/>
  <testcase name="Tc_Receive_10" time="16.855" classname="testCases.Receive"/>
  <testcase name="Tc_Receive_11" time="15.42" classname="testCases.Receive"/>
  <testcase name="Tc_Receive_12" time="15.905" classname="testCases.Receive"/>
  <testcase name="Tc_Receive_014" time="14.261" classname="testCases.Receive"/>
  <testcase name="Tc_Receive_017" time="85.48" classname="testCases.Receive"/>
  <testcase name="Tc_Receive_20" time="96.403" classname="testCases.Receive"/>
  <testcase name="Tc_Receive_21" time="17.106" classname="testCases.Receive"/>
</testsuite> <!-- Receive -->
