<?xml version="1.0" encoding="UTF-8"?>
<!-- Generated by org.testng.reporters.JUnitXMLReporter -->
<testsuite hostname="DESKTOP-URKGA8H" ignored="0" name="ReceiveDetails" tests="18" failures="0" timestamp="09 Jul 2018 14:52:29 GMT" time="993.165" errors="0">
  <testcase name="Tc_RECDET_01" time="101.581" classname="testCases.ReceiveDetails"/>
  <testcase name="Tc_RECDET_03_04" time="36.514" classname="testCases.ReceiveDetails"/>
  <testcase name="Tc_RECDET_05" time="132.04" classname="testCases.ReceiveDetails"/>
  <testcase name="Tc_RECDET_06" time="167.443" classname="testCases.ReceiveDetails"/>
  <testcase name="Tc_RECDET_07" time="144.28" classname="testCases.ReceiveDetails"/>
  <testcase name="Tc_RECDET_08" time="66.789" classname="testCases.ReceiveDetails"/>
  <testcase name="Tc_RECDET_09" time="27.277" classname="testCases.ReceiveDetails"/>
  <testcase name="Tc_RECDET_10" time="20.042" classname="testCases.ReceiveDetails"/>
  <testcase name="Tc_RECDET_11" time="20.197" classname="testCases.ReceiveDetails"/>
  <testcase name="Tc_RECDET_12" time="27.918" classname="testCases.ReceiveDetails"/>
  <testcase name="Tc_RECDET_13" time="26.929" classname="testCases.ReceiveDetails"/>
  <testcase name="Tc_RECDET_14" time="74.957" classname="testCases.ReceiveDetails"/>
  <testcase name="Tc_RECDET_15_16" time="33.794" classname="testCases.ReceiveDetails"/>
  <testcase name="Tc_RECDET_17" time="26.361" classname="testCases.ReceiveDetails"/>
  <testcase name="Tc_RECDET_19" time="21.044" classname="testCases.ReceiveDetails"/>
  <testcase name="Tc_RECDET_20" time="16.062" classname="testCases.ReceiveDetails"/>
  <testcase name="Tc_RECDET_21" time="18.066" classname="testCases.ReceiveDetails"/>
  <testcase name="Tc_RECDET_22_23" time="26.565" classname="testCases.ReceiveDetails"/>
</testsuite> <!-- ReceiveDetails -->
