<?xml version="1.0" encoding="UTF-8"?>
<!-- Generated by org.testng.reporters.JUnitXMLReporter -->
<testsuite hostname="DESKTOP-URKGA8H" ignored="0" name="Shipments" tests="4" failures="0" timestamp="09 Jul 2018 08:04:45 GMT" time="103.85" errors="0">
  <testcase name="Tc_SH_01" time="44.869" classname="testCases.Shipments"/>
  <testcase name="Tc_SH_02" time="7.1" classname="testCases.Shipments"/>
  <testcase name="Tc_SH_03" time="11.269" classname="testCases.Shipments"/>
  <testcase name="Tc_SH_04" time="35.788" classname="testCases.Shipments"/>
</testsuite> <!-- Shipments -->
