<?xml version="1.0" encoding="UTF-8"?>
<!-- Generated by org.testng.reporters.JUnitXMLReporter -->
<testsuite hostname="DESKTOP-URKGA8H" ignored="0" name="Users" tests="5" failures="0" timestamp="01 May 2018 15:10:27 GMT" time="312.158" errors="0">
  <testcase name="Tc_Users_01" time="98.308" classname="testCases.Users"/>
  <testcase name="Tc_Users_02" time="90.761" classname="testCases.Users"/>
  <testcase name="Tc_Users_03_08" time="42.046" classname="testCases.Users"/>
  <testcase name="Tc_Users_04_08" time="42.936" classname="testCases.Users"/>
  <testcase name="Tc_Users_09" time="34.645" classname="testCases.Users"/>
</testsuite> <!-- Users -->
