<?xml version="1.0" encoding="UTF-8"?>
<testng-results skipped="0" failed="1" ignored="0" total="5" passed="4">
  <reporter-output>
  </reporter-output>
  <suite name="example suite 1" duration-ms="424798" started-at="2018-05-31T08:13:44Z" finished-at="2018-05-31T08:20:49Z">
    <groups>
    </groups>
    <test name="Dashboard" duration-ms="424798" started-at="2018-05-31T08:13:44Z" finished-at="2018-05-31T08:20:49Z">
      <class name="testcases_functionality.TC_Itemcatalog">
        <test-method status="PASS" signature="startReport(java.lang.String, java.lang.String)[pri:0, instance:testcases_functionality.TC_Itemcatalog@5f9d02cb]" name="startReport" is-config="true" duration-ms="966" started-at="2018-05-31T13:43:44Z" finished-at="2018-05-31T13:43:45Z">
          <params>
            <param index="0">
              <value>
                <![CDATA[qa-4]]>
              </value>
            </param>
            <param index="1">
              <value>
                <![CDATA[https://qa4.test.hybrent.com/b/]]>
              </value>
            </param>
          </params>
          <reporter-output>
          </reporter-output>
        </test-method> <!-- startReport -->
        <test-method status="PASS" signature="setBrowser(java.lang.String, java.lang.String, java.lang.String)[pri:0, instance:testcases_functionality.TC_Itemcatalog@5f9d02cb]" name="setBrowser" is-config="true" duration-ms="3450" started-at="2018-05-31T13:43:45Z" finished-at="2018-05-31T13:43:49Z">
          <params>
            <param index="0">
              <value>
                <![CDATA[chrome]]>
              </value>
            </param>
            <param index="1">
              <value>
                <![CDATA[http://localhost:4444/wd/hub]]>
              </value>
            </param>
            <param index="2">
              <value>
                <![CDATA[qa-4]]>
              </value>
            </param>
          </params>
          <reporter-output>
          </reporter-output>
        </test-method> <!-- setBrowser -->
        <test-method status="PASS" signature="Tc_Itemcatalog_001()[pri:0, instance:testcases_functionality.TC_Itemcatalog@5f9d02cb]" name="Tc_Itemcatalog_001" duration-ms="50510" started-at="2018-05-31T13:43:49Z" finished-at="2018-05-31T13:44:39Z">
          <reporter-output>
          </reporter-output>
        </test-method> <!-- Tc_Itemcatalog_001 -->
        <test-method status="PASS" signature="Tc_Itemcatalog_002()[pri:0, instance:testcases_functionality.TC_Itemcatalog@5f9d02cb]" name="Tc_Itemcatalog_002" duration-ms="141911" started-at="2018-05-31T13:44:39Z" finished-at="2018-05-31T13:47:01Z">
          <reporter-output>
          </reporter-output>
        </test-method> <!-- Tc_Itemcatalog_002 -->
        <test-method status="PASS" signature="Tc_Itemcatalog_003()[pri:0, instance:testcases_functionality.TC_Itemcatalog@5f9d02cb]" name="Tc_Itemcatalog_003" duration-ms="11903" started-at="2018-05-31T13:47:01Z" finished-at="2018-05-31T13:47:13Z">
          <reporter-output>
          </reporter-output>
        </test-method> <!-- Tc_Itemcatalog_003 -->
        <test-method status="FAIL" signature="Tc_Itemcatalog_004()[pri:0, instance:testcases_functionality.TC_Itemcatalog@5f9d02cb]" name="Tc_Itemcatalog_004" duration-ms="190460" started-at="2018-05-31T13:47:13Z" finished-at="2018-05-31T13:50:24Z">
          <exception class="org.openqa.selenium.NoSuchElementException">
            <message>
              <![CDATA[no such element: Unable to locate element: {"method":"class name","selector":"toast-title"}
  (Session info: chrome=66.0.3359.181)
  (Driver info: chromedriver=2.37.544315 (730aa6a5fdba159ac9f4c1e8cbc59bf1b5ce12b7),platform=Windows NT 10.0.17134 x86_64) (WARNING: The server did not provide any stacktrace information)
Command duration or timeout: 0 milliseconds
For documentation on this error, please visit: http://seleniumhq.org/exceptions/no_such_element.html
Build info: version: '3.11.0', revision: 'e59cfb3', time: '2018-03-11T20:33:15.31Z'
System info: host: 'DESKTOP-URKGA8H', ip: '192.168.2.110', os.name: 'Windows 10', os.arch: 'amd64', os.version: '10.0', java.version: '1.8.0_161'
Driver info: org.openqa.selenium.remote.RemoteWebDriver
Capabilities {acceptInsecureCerts: false, acceptSslCerts: false, applicationCacheEnabled: false, browserConnectionEnabled: false, browserName: chrome, chrome: {chromedriverVersion: 2.37.544315 (730aa6a5fdba15..., userDataDir: C:\Users\Acer\AppData\Local...}, cssSelectorsEnabled: true, databaseEnabled: false, handlesAlerts: true, hasTouchScreen: false, javascriptEnabled: true, locationContextEnabled: true, mobileEmulationEnabled: false, nativeEvents: true, networkConnectionEnabled: false, pageLoadStrategy: normal, platform: XP, platformName: XP, rotatable: false, setWindowRect: true, takesHeapSnapshot: true, takesScreenshot: true, unexpectedAlertBehaviour: , unhandledPromptBehavior: , version: 66.0.3359.181, webStorageEnabled: true, webdriver.remote.sessionid: 2ba9f3d3c6261175dd7a995aa03...}
Session ID: 2ba9f3d3c6261175dd7a995aa033af23
*** Element info: {Using=class name, value=toast-title}]]>
            </message>
            <full-stacktrace>
              <![CDATA[org.openqa.selenium.NoSuchElementException: no such element: Unable to locate element: {"method":"class name","selector":"toast-title"}
  (Session info: chrome=66.0.3359.181)
  (Driver info: chromedriver=2.37.544315 (730aa6a5fdba159ac9f4c1e8cbc59bf1b5ce12b7),platform=Windows NT 10.0.17134 x86_64) (WARNING: The server did not provide any stacktrace information)
Command duration or timeout: 0 milliseconds
For documentation on this error, please visit: http://seleniumhq.org/exceptions/no_such_element.html
Build info: version: '3.11.0', revision: 'e59cfb3', time: '2018-03-11T20:33:15.31Z'
System info: host: 'DESKTOP-URKGA8H', ip: '192.168.2.110', os.name: 'Windows 10', os.arch: 'amd64', os.version: '10.0', java.version: '1.8.0_161'
Driver info: org.openqa.selenium.remote.RemoteWebDriver
Capabilities {acceptInsecureCerts: false, acceptSslCerts: false, applicationCacheEnabled: false, browserConnectionEnabled: false, browserName: chrome, chrome: {chromedriverVersion: 2.37.544315 (730aa6a5fdba15..., userDataDir: C:\Users\Acer\AppData\Local...}, cssSelectorsEnabled: true, databaseEnabled: false, handlesAlerts: true, hasTouchScreen: false, javascriptEnabled: true, locationContextEnabled: true, mobileEmulationEnabled: false, nativeEvents: true, networkConnectionEnabled: false, pageLoadStrategy: normal, platform: XP, platformName: XP, rotatable: false, setWindowRect: true, takesHeapSnapshot: true, takesScreenshot: true, unexpectedAlertBehaviour: , unhandledPromptBehavior: , version: 66.0.3359.181, webStorageEnabled: true, webdriver.remote.sessionid: 2ba9f3d3c6261175dd7a995aa03...}
Session ID: 2ba9f3d3c6261175dd7a995aa033af23
*** Element info: {Using=class name, value=toast-title}
	at sun.reflect.GeneratedConstructorAccessor14.newInstance(Unknown Source)
	at sun.reflect.DelegatingConstructorAccessorImpl.newInstance(Unknown Source)
	at java.lang.reflect.Constructor.newInstance(Unknown Source)
	at org.openqa.selenium.remote.ErrorHandler.createThrowable(ErrorHandler.java:214)
	at org.openqa.selenium.remote.ErrorHandler.throwIfResponseFailed(ErrorHandler.java:166)
	at org.openqa.selenium.remote.http.JsonHttpResponseCodec.reconstructValue(JsonHttpResponseCodec.java:40)
	at org.openqa.selenium.remote.http.AbstractHttpResponseCodec.decode(AbstractHttpResponseCodec.java:80)
	at org.openqa.selenium.remote.http.AbstractHttpResponseCodec.decode(AbstractHttpResponseCodec.java:44)
	at org.openqa.selenium.remote.HttpCommandExecutor.execute(HttpCommandExecutor.java:158)
	at org.openqa.selenium.remote.RemoteWebDriver.execute(RemoteWebDriver.java:545)
	at org.openqa.selenium.remote.RemoteWebDriver.findElement(RemoteWebDriver.java:319)
	at org.openqa.selenium.remote.RemoteWebDriver.findElementByClassName(RemoteWebDriver.java:405)
	at org.openqa.selenium.By$ByClassName.findElement(By.java:391)
	at org.openqa.selenium.remote.RemoteWebDriver.findElement(RemoteWebDriver.java:311)
	at AutomationFramework.ApplicationKeyword.ToastmesssageSucess(ApplicationKeyword.java:100)
	at funcation_PageObject.Itemcatalog.Map(Itemcatalog.java:445)
	at testcases_functionality.TC_Itemcatalog.Tc_Itemcatalog_004(TC_Itemcatalog.java:88)
	at sun.reflect.NativeMethodAccessorImpl.invoke0(Native Method)
	at sun.reflect.NativeMethodAccessorImpl.invoke(Unknown Source)
	at sun.reflect.DelegatingMethodAccessorImpl.invoke(Unknown Source)
	at java.lang.reflect.Method.invoke(Unknown Source)
	at org.testng.internal.MethodInvocationHelper.invokeMethod(MethodInvocationHelper.java:108)
	at org.testng.internal.Invoker.invokeMethod(Invoker.java:661)
	at org.testng.internal.Invoker.invokeTestMethod(Invoker.java:869)
	at org.testng.internal.Invoker.invokeTestMethods(Invoker.java:1193)
	at org.testng.internal.TestMethodWorker.invokeTestMethods(TestMethodWorker.java:126)
	at org.testng.internal.TestMethodWorker.run(TestMethodWorker.java:109)
	at org.testng.TestRunner.privateRun(TestRunner.java:744)
	at org.testng.TestRunner.run(TestRunner.java:602)
	at org.testng.SuiteRunner.runTest(SuiteRunner.java:380)
	at org.testng.SuiteRunner.runSequentially(SuiteRunner.java:375)
	at org.testng.SuiteRunner.privateRun(SuiteRunner.java:340)
	at org.testng.SuiteRunner.run(SuiteRunner.java:289)
	at org.testng.SuiteRunnerWorker.runSuite(SuiteRunnerWorker.java:52)
	at org.testng.SuiteRunnerWorker.run(SuiteRunnerWorker.java:86)
	at org.testng.TestNG.runSuitesSequentially(TestNG.java:1301)
	at org.testng.TestNG.runSuitesLocally(TestNG.java:1226)
	at org.testng.TestNG.runSuites(TestNG.java:1144)
	at org.testng.TestNG.run(TestNG.java:1115)
	at org.testng.remote.AbstractRemoteTestNG.run(AbstractRemoteTestNG.java:114)
	at org.testng.remote.RemoteTestNG.initAndRun(RemoteTestNG.java:251)
	at org.testng.remote.RemoteTestNG.main(RemoteTestNG.java:77)
]]>
            </full-stacktrace>
          </exception> <!-- org.openqa.selenium.NoSuchElementException -->
          <reporter-output>
          </reporter-output>
        </test-method> <!-- Tc_Itemcatalog_004 -->
        <test-method status="PASS" signature="Tc_Itemcatalog_005()[pri:0, instance:testcases_functionality.TC_Itemcatalog@5f9d02cb]" name="Tc_Itemcatalog_005" duration-ms="24603" started-at="2018-05-31T13:50:24Z" finished-at="2018-05-31T13:50:48Z">
          <reporter-output>
          </reporter-output>
        </test-method> <!-- Tc_Itemcatalog_005 -->
        <test-method status="PASS" signature="endReport()[pri:0, instance:testcases_functionality.TC_Itemcatalog@5f9d02cb]" name="endReport" is-config="true" duration-ms="942" started-at="2018-05-31T13:50:48Z" finished-at="2018-05-31T13:50:49Z">
          <reporter-output>
          </reporter-output>
        </test-method> <!-- endReport -->
      </class> <!-- testcases_functionality.TC_Itemcatalog -->
    </test> <!-- Dashboard -->
  </suite> <!-- example suite 1 -->
</testng-results>
